\BOOKMARK [1][-]{section.1}{Ego depletion}{}% 1
\BOOKMARK [1][-]{section.2}{Import and tidy}{}% 2
\BOOKMARK [2][-]{subsection.2.1}{e task}{section.2}% 3
\BOOKMARK [3][-]{subsubsection.2.1.1}{Read in}{subsection.2.1}% 4
\BOOKMARK [3][-]{subsubsection.2.1.2}{Tidy}{subsection.2.1}% 5
\BOOKMARK [2][-]{subsection.2.2}{MSIT task}{section.2}% 6
\BOOKMARK [3][-]{subsubsection.2.2.1}{Read in}{subsection.2.2}% 7
\BOOKMARK [3][-]{subsubsection.2.2.2}{Tidy}{subsection.2.2}% 8
\BOOKMARK [2][-]{subsection.2.3}{Subject info and ratings}{section.2}% 9
\BOOKMARK [3][-]{subsubsection.2.3.1}{Read in}{subsection.2.3}% 10
\BOOKMARK [3][-]{subsubsection.2.3.2}{Tidy}{subsection.2.3}% 11
\BOOKMARK [1][-]{section.3}{Preliminary description}{}% 12
\BOOKMARK [2][-]{subsection.3.1}{eTask data}{section.3}% 13
\BOOKMARK [3][-]{subsubsection.3.1.1}{Disregarding subjects}{subsection.3.1}% 14
\BOOKMARK [3][-]{subsubsection.3.1.2}{Join tibbles}{subsection.3.1}% 15
\BOOKMARK [3][-]{subsubsection.3.1.3}{A quick look at the e task data}{subsection.3.1}% 16
\BOOKMARK [2][-]{subsection.3.2}{MSIT task data}{section.3}% 17
\BOOKMARK [3][-]{subsubsection.3.2.1}{Disregarding subjects}{subsection.3.2}% 18
\BOOKMARK [3][-]{subsubsection.3.2.2}{Join tibbles}{subsection.3.2}% 19
\BOOKMARK [2][-]{subsection.3.3}{Linear mixed-effects model}{section.3}% 20
