This is pdfTeX, Version 3.14159265-2.6-1.40.20 (TeX Live 2019) (preloaded format=pdflatex 2019.11.17)  13 DEC 2019 20:54
entering extended mode
 restricted \write18 enabled.
 file:line:error style messages enabled.
 %&-line parsing enabled.
**egoDepletion.tex
(./egoDepletion.tex
LaTeX2e <2019-10-01> patch level 3
(/usr/local/texlive/2019/texmf-dist/tex/latex/base/article.cls
Document Class: article 2019/10/25 v1.4k Standard LaTeX document class
(/usr/local/texlive/2019/texmf-dist/tex/latex/base/size10.clo
File: size10.clo 2019/10/25 v1.4k Standard LaTeX file (size option)
)
\c@part=\count80
\c@section=\count81
\c@subsection=\count82
\c@subsubsection=\count83
\c@paragraph=\count84
\c@subparagraph=\count85
\c@figure=\count86
\c@table=\count87
\abovecaptionskip=\skip41
\belowcaptionskip=\skip42
\bibindent=\dimen102
)
(/usr/local/texlive/2019/texmf-dist/tex/latex/graphics/graphicx.sty
Package: graphicx 2017/06/01 v1.1a Enhanced LaTeX Graphics (DPC,SPQR)

(/usr/local/texlive/2019/texmf-dist/tex/latex/graphics/keyval.sty
Package: keyval 2014/10/28 v1.15 key=value parser (DPC)
\KV@toks@=\toks14
)
(/usr/local/texlive/2019/texmf-dist/tex/latex/graphics/graphics.sty
Package: graphics 2019/11/01 v1.3d Standard LaTeX Graphics (DPC,SPQR)

(/usr/local/texlive/2019/texmf-dist/tex/latex/graphics/trig.sty
Package: trig 2016/01/03 v1.10 sin cos tan (DPC)
)
(/usr/local/texlive/2019/texmf-dist/tex/latex/graphics-cfg/graphics.cfg
File: graphics.cfg 2016/06/04 v1.11 sample graphics configuration
)
Package graphics Info: Driver file: pdftex.def on input line 105.

(/usr/local/texlive/2019/texmf-dist/tex/latex/graphics-def/pdftex.def
File: pdftex.def 2018/01/08 v1.0l Graphics/color driver for pdftex
))
\Gin@req@height=\dimen103
\Gin@req@width=\dimen104
)
(/usr/local/texlive/2019/texmf-dist/tex/latex/graphics/color.sty
Package: color 2016/07/10 v1.1e Standard LaTeX Color (DPC)

(/usr/local/texlive/2019/texmf-dist/tex/latex/graphics-cfg/color.cfg
File: color.cfg 2016/01/02 v1.6 sample color configuration
)
Package color Info: Driver file: pdftex.def on input line 147.
)
(/usr/local/texlive/2019/texmf-dist/tex/latex/framed/framed.sty
Package: framed 2011/10/22 v 0.96: framed or shaded text with page breaks
\OuterFrameSep=\skip43
\fb@frw=\dimen105
\fb@frh=\dimen106
\FrameRule=\dimen107
\FrameSep=\dimen108
)
(/usr/local/texlive/2019/texmf-dist/tex/latex/base/alltt.sty
Package: alltt 1997/06/16 v2.0g defines alltt environment
)
(/usr/local/texlive/2019/texmf-dist/tex/latex/pgf/frontendlayer/tikz.sty
(/usr/local/texlive/2019/texmf-dist/tex/latex/pgf/basiclayer/pgf.sty
(/usr/local/texlive/2019/texmf-dist/tex/latex/pgf/utilities/pgfrcs.sty
(/usr/local/texlive/2019/texmf-dist/tex/generic/pgf/utilities/pgfutil-common.te
x
\pgfutil@everybye=\toks15
\pgfutil@tempdima=\dimen109
\pgfutil@tempdimb=\dimen110

(/usr/local/texlive/2019/texmf-dist/tex/generic/pgf/utilities/pgfutil-common-li
sts.tex))
(/usr/local/texlive/2019/texmf-dist/tex/generic/pgf/utilities/pgfutil-latex.def
\pgfutil@abb=\box27
(/usr/local/texlive/2019/texmf-dist/tex/latex/ms/everyshi.sty
Package: everyshi 2001/05/15 v3.00 EveryShipout Package (MS)
))
(/usr/local/texlive/2019/texmf-dist/tex/generic/pgf/utilities/pgfrcs.code.tex
(/usr/local/texlive/2019/texmf-dist/tex/generic/pgf/pgf.revision.tex)
Package: pgfrcs 2019/08/03 v3.1.4b (3.1.4b)
))
Package: pgf 2019/08/03 v3.1.4b (3.1.4b)

(/usr/local/texlive/2019/texmf-dist/tex/latex/pgf/basiclayer/pgfcore.sty
(/usr/local/texlive/2019/texmf-dist/tex/latex/pgf/systemlayer/pgfsys.sty
(/usr/local/texlive/2019/texmf-dist/tex/generic/pgf/systemlayer/pgfsys.code.tex
Package: pgfsys 2019/08/03 v3.1.4b (3.1.4b)
(/usr/local/texlive/2019/texmf-dist/tex/generic/pgf/utilities/pgfkeys.code.tex
\pgfkeys@pathtoks=\toks16
\pgfkeys@temptoks=\toks17

(/usr/local/texlive/2019/texmf-dist/tex/generic/pgf/utilities/pgfkeysfiltered.c
ode.tex
\pgfkeys@tmptoks=\toks18
))
\pgf@x=\dimen111
\pgf@y=\dimen112
\pgf@xa=\dimen113
\pgf@ya=\dimen114
\pgf@xb=\dimen115
\pgf@yb=\dimen116
\pgf@xc=\dimen117
\pgf@yc=\dimen118
\pgf@xd=\dimen119
\pgf@yd=\dimen120
\w@pgf@writea=\write3
\r@pgf@reada=\read1
\c@pgf@counta=\count88
\c@pgf@countb=\count89
\c@pgf@countc=\count90
\c@pgf@countd=\count91
\t@pgf@toka=\toks19
\t@pgf@tokb=\toks20
\t@pgf@tokc=\toks21
\pgf@sys@id@count=\count92

(/usr/local/texlive/2019/texmf-dist/tex/generic/pgf/systemlayer/pgf.cfg
File: pgf.cfg 2019/08/03 v3.1.4b (3.1.4b)
)
Driver file for pgf: pgfsys-pdftex.def

(/usr/local/texlive/2019/texmf-dist/tex/generic/pgf/systemlayer/pgfsys-pdftex.d
ef
File: pgfsys-pdftex.def 2019/08/03 v3.1.4b (3.1.4b)

(/usr/local/texlive/2019/texmf-dist/tex/generic/pgf/systemlayer/pgfsys-common-p
df.def
File: pgfsys-common-pdf.def 2019/08/03 v3.1.4b (3.1.4b)
)))
(/usr/local/texlive/2019/texmf-dist/tex/generic/pgf/systemlayer/pgfsyssoftpath.
code.tex
File: pgfsyssoftpath.code.tex 2019/08/03 v3.1.4b (3.1.4b)
\pgfsyssoftpath@smallbuffer@items=\count93
\pgfsyssoftpath@bigbuffer@items=\count94
)
(/usr/local/texlive/2019/texmf-dist/tex/generic/pgf/systemlayer/pgfsysprotocol.
code.tex
File: pgfsysprotocol.code.tex 2019/08/03 v3.1.4b (3.1.4b)
)) (/usr/local/texlive/2019/texmf-dist/tex/latex/xcolor/xcolor.sty
Package: xcolor 2016/05/11 v2.12 LaTeX color extensions (UK)

(/usr/local/texlive/2019/texmf-dist/tex/latex/graphics-cfg/color.cfg
File: color.cfg 2016/01/02 v1.6 sample color configuration
)
Package xcolor Info: Driver file: pdftex.def on input line 225.
LaTeX Info: Redefining \color on input line 709.
Package xcolor Info: Model `cmy' substituted by `cmy0' on input line 1348.
Package xcolor Info: Model `hsb' substituted by `rgb' on input line 1352.
Package xcolor Info: Model `RGB' extended on input line 1364.
Package xcolor Info: Model `HTML' substituted by `rgb' on input line 1366.
Package xcolor Info: Model `Hsb' substituted by `hsb' on input line 1367.
Package xcolor Info: Model `tHsb' substituted by `hsb' on input line 1368.
Package xcolor Info: Model `HSB' substituted by `hsb' on input line 1369.
Package xcolor Info: Model `Gray' substituted by `gray' on input line 1370.
Package xcolor Info: Model `wave' substituted by `hsb' on input line 1371.

(/usr/local/texlive/2019/texmf-dist/tex/latex/graphics/dvipsnam.def
File: dvipsnam.def 2016/06/17 v3.0m Driver-dependent file (DPC,SPQR)
))
(/usr/local/texlive/2019/texmf-dist/tex/generic/pgf/basiclayer/pgfcore.code.tex
Package: pgfcore 2019/08/03 v3.1.4b (3.1.4b)
(/usr/local/texlive/2019/texmf-dist/tex/generic/pgf/math/pgfmath.code.tex
(/usr/local/texlive/2019/texmf-dist/tex/generic/pgf/math/pgfmathcalc.code.tex
(/usr/local/texlive/2019/texmf-dist/tex/generic/pgf/math/pgfmathutil.code.tex)
(/usr/local/texlive/2019/texmf-dist/tex/generic/pgf/math/pgfmathparser.code.tex
\pgfmath@dimen=\dimen121
\pgfmath@count=\count95
\pgfmath@box=\box28
\pgfmath@toks=\toks22
\pgfmath@stack@operand=\toks23
\pgfmath@stack@operation=\toks24
)
(/usr/local/texlive/2019/texmf-dist/tex/generic/pgf/math/pgfmathfunctions.code.
tex
(/usr/local/texlive/2019/texmf-dist/tex/generic/pgf/math/pgfmathfunctions.basic
.code.tex)
(/usr/local/texlive/2019/texmf-dist/tex/generic/pgf/math/pgfmathfunctions.trigo
nometric.code.tex)
(/usr/local/texlive/2019/texmf-dist/tex/generic/pgf/math/pgfmathfunctions.rando
m.code.tex)
(/usr/local/texlive/2019/texmf-dist/tex/generic/pgf/math/pgfmathfunctions.compa
rison.code.tex)
(/usr/local/texlive/2019/texmf-dist/tex/generic/pgf/math/pgfmathfunctions.base.
code.tex)
(/usr/local/texlive/2019/texmf-dist/tex/generic/pgf/math/pgfmathfunctions.round
.code.tex)
(/usr/local/texlive/2019/texmf-dist/tex/generic/pgf/math/pgfmathfunctions.misc.
code.tex)
(/usr/local/texlive/2019/texmf-dist/tex/generic/pgf/math/pgfmathfunctions.integ
erarithmetics.code.tex)))
(/usr/local/texlive/2019/texmf-dist/tex/generic/pgf/math/pgfmathfloat.code.tex
\c@pgfmathroundto@lastzeros=\count96
)) (/usr/local/texlive/2019/texmf-dist/tex/generic/pgf/math/pgfint.code.tex)
(/usr/local/texlive/2019/texmf-dist/tex/generic/pgf/basiclayer/pgfcorepoints.co
de.tex
File: pgfcorepoints.code.tex 2019/08/03 v3.1.4b (3.1.4b)
\pgf@picminx=\dimen122
\pgf@picmaxx=\dimen123
\pgf@picminy=\dimen124
\pgf@picmaxy=\dimen125
\pgf@pathminx=\dimen126
\pgf@pathmaxx=\dimen127
\pgf@pathminy=\dimen128
\pgf@pathmaxy=\dimen129
\pgf@xx=\dimen130
\pgf@xy=\dimen131
\pgf@yx=\dimen132
\pgf@yy=\dimen133
\pgf@zx=\dimen134
\pgf@zy=\dimen135
)
(/usr/local/texlive/2019/texmf-dist/tex/generic/pgf/basiclayer/pgfcorepathconst
ruct.code.tex
File: pgfcorepathconstruct.code.tex 2019/08/03 v3.1.4b (3.1.4b)
\pgf@path@lastx=\dimen136
\pgf@path@lasty=\dimen137
)
(/usr/local/texlive/2019/texmf-dist/tex/generic/pgf/basiclayer/pgfcorepathusage
.code.tex
File: pgfcorepathusage.code.tex 2019/08/03 v3.1.4b (3.1.4b)
\pgf@shorten@end@additional=\dimen138
\pgf@shorten@start@additional=\dimen139
)
(/usr/local/texlive/2019/texmf-dist/tex/generic/pgf/basiclayer/pgfcorescopes.co
de.tex
File: pgfcorescopes.code.tex 2019/08/03 v3.1.4b (3.1.4b)
\pgfpic=\box29
\pgf@hbox=\box30
\pgf@layerbox@main=\box31
\pgf@picture@serial@count=\count97
)
(/usr/local/texlive/2019/texmf-dist/tex/generic/pgf/basiclayer/pgfcoregraphicst
ate.code.tex
File: pgfcoregraphicstate.code.tex 2019/08/03 v3.1.4b (3.1.4b)
\pgflinewidth=\dimen140
)
(/usr/local/texlive/2019/texmf-dist/tex/generic/pgf/basiclayer/pgfcoretransform
ations.code.tex
File: pgfcoretransformations.code.tex 2019/08/03 v3.1.4b (3.1.4b)
\pgf@pt@x=\dimen141
\pgf@pt@y=\dimen142
\pgf@pt@temp=\dimen143
)
(/usr/local/texlive/2019/texmf-dist/tex/generic/pgf/basiclayer/pgfcorequick.cod
e.tex
File: pgfcorequick.code.tex 2019/08/03 v3.1.4b (3.1.4b)
)
(/usr/local/texlive/2019/texmf-dist/tex/generic/pgf/basiclayer/pgfcoreobjects.c
ode.tex
File: pgfcoreobjects.code.tex 2019/08/03 v3.1.4b (3.1.4b)
)
(/usr/local/texlive/2019/texmf-dist/tex/generic/pgf/basiclayer/pgfcorepathproce
ssing.code.tex
File: pgfcorepathprocessing.code.tex 2019/08/03 v3.1.4b (3.1.4b)
)
(/usr/local/texlive/2019/texmf-dist/tex/generic/pgf/basiclayer/pgfcorearrows.co
de.tex
File: pgfcorearrows.code.tex 2019/08/03 v3.1.4b (3.1.4b)
\pgfarrowsep=\dimen144
)
(/usr/local/texlive/2019/texmf-dist/tex/generic/pgf/basiclayer/pgfcoreshade.cod
e.tex
File: pgfcoreshade.code.tex 2019/08/03 v3.1.4b (3.1.4b)
\pgf@max=\dimen145
\pgf@sys@shading@range@num=\count98
\pgf@shadingcount=\count99
)
(/usr/local/texlive/2019/texmf-dist/tex/generic/pgf/basiclayer/pgfcoreimage.cod
e.tex
File: pgfcoreimage.code.tex 2019/08/03 v3.1.4b (3.1.4b)

(/usr/local/texlive/2019/texmf-dist/tex/generic/pgf/basiclayer/pgfcoreexternal.
code.tex
File: pgfcoreexternal.code.tex 2019/08/03 v3.1.4b (3.1.4b)
\pgfexternal@startupbox=\box32
))
(/usr/local/texlive/2019/texmf-dist/tex/generic/pgf/basiclayer/pgfcorelayers.co
de.tex
File: pgfcorelayers.code.tex 2019/08/03 v3.1.4b (3.1.4b)
)
(/usr/local/texlive/2019/texmf-dist/tex/generic/pgf/basiclayer/pgfcoretranspare
ncy.code.tex
File: pgfcoretransparency.code.tex 2019/08/03 v3.1.4b (3.1.4b)
)
(/usr/local/texlive/2019/texmf-dist/tex/generic/pgf/basiclayer/pgfcorepatterns.
code.tex
File: pgfcorepatterns.code.tex 2019/08/03 v3.1.4b (3.1.4b)
)
(/usr/local/texlive/2019/texmf-dist/tex/generic/pgf/basiclayer/pgfcorerdf.code.
tex
File: pgfcorerdf.code.tex 2019/08/03 v3.1.4b (3.1.4b)
)))
(/usr/local/texlive/2019/texmf-dist/tex/generic/pgf/modules/pgfmoduleshapes.cod
e.tex
File: pgfmoduleshapes.code.tex 2019/08/03 v3.1.4b (3.1.4b)
\pgfnodeparttextbox=\box33
)
(/usr/local/texlive/2019/texmf-dist/tex/generic/pgf/modules/pgfmoduleplot.code.
tex
File: pgfmoduleplot.code.tex 2019/08/03 v3.1.4b (3.1.4b)
)
(/usr/local/texlive/2019/texmf-dist/tex/latex/pgf/compatibility/pgfcomp-version
-0-65.sty
Package: pgfcomp-version-0-65 2019/08/03 v3.1.4b (3.1.4b)
\pgf@nodesepstart=\dimen146
\pgf@nodesepend=\dimen147
)
(/usr/local/texlive/2019/texmf-dist/tex/latex/pgf/compatibility/pgfcomp-version
-1-18.sty
Package: pgfcomp-version-1-18 2019/08/03 v3.1.4b (3.1.4b)
))
(/usr/local/texlive/2019/texmf-dist/tex/latex/pgf/utilities/pgffor.sty
(/usr/local/texlive/2019/texmf-dist/tex/latex/pgf/utilities/pgfkeys.sty
(/usr/local/texlive/2019/texmf-dist/tex/generic/pgf/utilities/pgfkeys.code.tex)
) (/usr/local/texlive/2019/texmf-dist/tex/latex/pgf/math/pgfmath.sty
(/usr/local/texlive/2019/texmf-dist/tex/generic/pgf/math/pgfmath.code.tex))
(/usr/local/texlive/2019/texmf-dist/tex/generic/pgf/utilities/pgffor.code.tex
Package: pgffor 2019/08/03 v3.1.4b (3.1.4b)

(/usr/local/texlive/2019/texmf-dist/tex/generic/pgf/math/pgfmath.code.tex)
\pgffor@iter=\dimen148
\pgffor@skip=\dimen149
\pgffor@stack=\toks25
\pgffor@toks=\toks26
))
(/usr/local/texlive/2019/texmf-dist/tex/generic/pgf/frontendlayer/tikz/tikz.cod
e.tex
Package: tikz 2019/08/03 v3.1.4b (3.1.4b)

(/usr/local/texlive/2019/texmf-dist/tex/generic/pgf/libraries/pgflibraryplothan
dlers.code.tex
File: pgflibraryplothandlers.code.tex 2019/08/03 v3.1.4b (3.1.4b)
\pgf@plot@mark@count=\count100
\pgfplotmarksize=\dimen150
)
\tikz@lastx=\dimen151
\tikz@lasty=\dimen152
\tikz@lastxsaved=\dimen153
\tikz@lastysaved=\dimen154
\tikz@lastmovetox=\dimen155
\tikz@lastmovetoy=\dimen156
\tikzleveldistance=\dimen157
\tikzsiblingdistance=\dimen158
\tikz@figbox=\box34
\tikz@figbox@bg=\box35
\tikz@tempbox=\box36
\tikz@tempbox@bg=\box37
\tikztreelevel=\count101
\tikznumberofchildren=\count102
\tikznumberofcurrentchild=\count103
\tikz@fig@count=\count104

(/usr/local/texlive/2019/texmf-dist/tex/generic/pgf/modules/pgfmodulematrix.cod
e.tex
File: pgfmodulematrix.code.tex 2019/08/03 v3.1.4b (3.1.4b)
\pgfmatrixcurrentrow=\count105
\pgfmatrixcurrentcolumn=\count106
\pgf@matrix@numberofcolumns=\count107
)
\tikz@expandcount=\count108

(/usr/local/texlive/2019/texmf-dist/tex/generic/pgf/frontendlayer/tikz/librarie
s/tikzlibrarytopaths.code.tex
File: tikzlibrarytopaths.code.tex 2019/08/03 v3.1.4b (3.1.4b)
)))
(/usr/local/texlive/2019/texmf-dist/tex/generic/pgf/frontendlayer/tikz/librarie
s/tikzlibrarydecorations.pathreplacing.code.tex
(/usr/local/texlive/2019/texmf-dist/tex/generic/pgf/frontendlayer/tikz/librarie
s/tikzlibrarydecorations.code.tex
(/usr/local/texlive/2019/texmf-dist/tex/generic/pgf/modules/pgfmoduledecoration
s.code.tex
\pgfdecoratedcompleteddistance=\dimen159
\pgfdecoratedremainingdistance=\dimen160
\pgfdecoratedinputsegmentcompleteddistance=\dimen161
\pgfdecoratedinputsegmentremainingdistance=\dimen162
\pgf@decorate@distancetomove=\dimen163
\pgf@decorate@repeatstate=\count109
\pgfdecorationsegmentamplitude=\dimen164
\pgfdecorationsegmentlength=\dimen165
)
\tikz@lib@dec@box=\box38
)
(/usr/local/texlive/2019/texmf-dist/tex/generic/pgf/libraries/decorations/pgfli
brarydecorations.pathreplacing.code.tex))
(/usr/local/texlive/2019/texmf-dist/tex/latex/booktabs/booktabs.sty
Package: booktabs 2019/10/08 v1.6180339 publication quality tables
\heavyrulewidth=\dimen166
\lightrulewidth=\dimen167
\cmidrulewidth=\dimen168
\belowrulesep=\dimen169
\belowbottomsep=\dimen170
\aboverulesep=\dimen171
\abovetopsep=\dimen172
\cmidrulesep=\dimen173
\cmidrulekern=\dimen174
\defaultaddspace=\dimen175
\@cmidla=\count110
\@cmidlb=\count111
\@aboverulesep=\dimen176
\@belowrulesep=\dimen177
\@thisruleclass=\count112
\@lastruleclass=\count113
\@thisrulewidth=\dimen178
)
(/usr/local/texlive/2019/texmf-dist/tex/latex/float/float.sty
Package: float 2001/11/08 v1.3d Float enhancements (AL)
\c@float@type=\count114
\float@exts=\toks27
\float@box=\box39
\@float@everytoks=\toks28
\@floatcapt=\box40
)
(/usr/local/texlive/2019/texmf-dist/tex/latex/biblatex/biblatex.sty
Package: biblatex 2019/08/31 v3.13a programmable bibliographies (PK/MW)

(/usr/local/texlive/2019/texmf-dist/tex/generic/oberdiek/pdftexcmds.sty
Package: pdftexcmds 2019/07/25 v0.30 Utility functions of pdfTeX for LuaTeX (HO
)

(/usr/local/texlive/2019/texmf-dist/tex/generic/oberdiek/infwarerr.sty
Package: infwarerr 2016/05/16 v1.4 Providing info/warning/error messages (HO)
)
(/usr/local/texlive/2019/texmf-dist/tex/generic/iftex/ifluatex.sty
Package: ifluatex 2019/10/25 v1.5 ifluatex legacy package. Use iftex instead.

(/usr/local/texlive/2019/texmf-dist/tex/generic/iftex/iftex.sty
Package: iftex 2019/11/07 v1.0c TeX engine tests
))
(/usr/local/texlive/2019/texmf-dist/tex/generic/oberdiek/ltxcmds.sty
Package: ltxcmds 2016/05/16 v1.23 LaTeX kernel commands for general use (HO)
)
(/usr/local/texlive/2019/texmf-dist/tex/generic/iftex/ifpdf.sty
Package: ifpdf 2019/10/25 v3.4 ifpdf legacy package. Use iftex instead.
)
Package pdftexcmds Info: LuaTeX not detected.
Package pdftexcmds Info: \pdf@primitive is available.
Package pdftexcmds Info: \pdf@ifprimitive is available.
Package pdftexcmds Info: \pdfdraftmode found.
)
(/usr/local/texlive/2019/texmf-dist/tex/latex/etoolbox/etoolbox.sty
Package: etoolbox 2019/09/21 v2.5h e-TeX tools for LaTeX (JAW)
\etb@tempcnta=\count115
)
(/usr/local/texlive/2019/texmf-dist/tex/latex/oberdiek/kvoptions.sty
Package: kvoptions 2016/05/16 v3.12 Key value format for package options (HO)

(/usr/local/texlive/2019/texmf-dist/tex/generic/oberdiek/kvsetkeys.sty
Package: kvsetkeys 2016/05/16 v1.17 Key value parser (HO)

(/usr/local/texlive/2019/texmf-dist/tex/generic/oberdiek/etexcmds.sty
Package: etexcmds 2016/05/16 v1.6 Avoid name clashes with e-TeX commands (HO)
)))
(/usr/local/texlive/2019/texmf-dist/tex/latex/logreq/logreq.sty
Package: logreq 2010/08/04 v1.0 xml request logger
\lrq@indent=\count116

(/usr/local/texlive/2019/texmf-dist/tex/latex/logreq/logreq.def
File: logreq.def 2010/08/04 v1.0 logreq spec v1.0
))
(/usr/local/texlive/2019/texmf-dist/tex/latex/base/ifthen.sty
Package: ifthen 2014/09/29 v1.1c Standard LaTeX ifthen package (DPC)
)
(/usr/local/texlive/2019/texmf-dist/tex/latex/url/url.sty
\Urlmuskip=\muskip10
Package: url 2013/09/16  ver 3.4  Verb mode for urls, etc.
)
\c@tabx@nest=\count117
\c@listtotal=\count118
\c@listcount=\count119
\c@liststart=\count120
\c@liststop=\count121
\c@citecount=\count122
\c@citetotal=\count123
\c@multicitecount=\count124
\c@multicitetotal=\count125
\c@instcount=\count126
\c@maxnames=\count127
\c@minnames=\count128
\c@maxitems=\count129
\c@minitems=\count130
\c@citecounter=\count131
\c@maxcitecounter=\count132
\c@savedcitecounter=\count133
\c@uniquelist=\count134
\c@uniquename=\count135
\c@refsection=\count136
\c@refsegment=\count137
\c@maxextratitle=\count138
\c@maxextratitleyear=\count139
\c@maxextraname=\count140
\c@maxextradate=\count141
\c@maxextraalpha=\count142
\c@abbrvpenalty=\count143
\c@highnamepenalty=\count144
\c@lownamepenalty=\count145
\c@maxparens=\count146
\c@parenlevel=\count147
\blx@tempcnta=\count148
\blx@tempcntb=\count149
\blx@tempcntc=\count150
\blx@maxsection=\count151
\blx@maxsegment@0=\count152
\blx@notetype=\count153
\blx@parenlevel@text=\count154
\blx@parenlevel@foot=\count155
\blx@sectionciteorder@0=\count156
\blx@entrysetcounter=\count157
\labelnumberwidth=\skip44
\labelalphawidth=\skip45
\biblabelsep=\skip46
\bibitemsep=\skip47
\bibnamesep=\skip48
\bibinitsep=\skip49
\bibparsep=\skip50
\bibhang=\skip51
\blx@bcfin=\read2
\blx@bcfout=\write4
\blx@langwohyphens=\language85
\c@mincomprange=\count158
\c@maxcomprange=\count159
\c@mincompwidth=\count160
Package biblatex Info: Trying to load biblatex default data model...
Package biblatex Info: ... file 'blx-dm.def' found.

(/usr/local/texlive/2019/texmf-dist/tex/latex/biblatex/blx-dm.def
File: blx-dm.def 2019/08/31 v3.13a biblatex localization (PK/MW)
)
Package biblatex Info: Trying to load biblatex style data model...
Package biblatex Info: ... file 'apa.dbx' found.

(/usr/local/texlive/2019/texmf-dist/tex/latex/biblatex-apa/apa.dbx
File: apa.dbx 2019/09/07 v8.0 APA biblatex style data model
)
Package biblatex Info: Trying to load biblatex custom data model...
Package biblatex Info: ... file 'biblatex-dm.cfg' not found.
\c@afterword=\count161
\c@savedafterword=\count162
\c@annotator=\count163
\c@savedannotator=\count164
\c@author=\count165
\c@savedauthor=\count166
\c@bookauthor=\count167
\c@savedbookauthor=\count168
\c@commentator=\count169
\c@savedcommentator=\count170
\c@editor=\count171
\c@savededitor=\count172
\c@editora=\count173
\c@savededitora=\count174
\c@editorb=\count175
\c@savededitorb=\count176
\c@editorc=\count177
\c@savededitorc=\count178
\c@foreword=\count179
\c@savedforeword=\count180
\c@holder=\count181
\c@savedholder=\count182
\c@introduction=\count183
\c@savedintroduction=\count184
\c@namea=\count185
\c@savednamea=\count186
\c@nameb=\count187
\c@savednameb=\count188
\c@namec=\count189
\c@savednamec=\count190
\c@translator=\count191
\c@savedtranslator=\count192
\c@shortauthor=\count193
\c@savedshortauthor=\count194
\c@shorteditor=\count195
\c@savedshorteditor=\count196
\c@with=\count197
\c@savedwith=\count198
\c@writer=\count199
\c@savedwriter=\count266
\c@producer=\count267
\c@savedproducer=\count268
\c@execproducer=\count269
\c@savedexecproducer=\count270
\c@director=\count271
\c@saveddirector=\count272
\c@labelname=\count273
\c@savedlabelname=\count274
\c@institution=\count275
\c@savedinstitution=\count276
\c@lista=\count277
\c@savedlista=\count278
\c@listb=\count279
\c@savedlistb=\count280
\c@listc=\count281
\c@savedlistc=\count282
\c@listd=\count283
\c@savedlistd=\count284
\c@liste=\count285
\c@savedliste=\count286
\c@listf=\count287
\c@savedlistf=\count288
\c@location=\count289
\c@savedlocation=\count290
\c@organization=\count291
\c@savedorganization=\count292
\c@origlocation=\count293
\c@savedoriglocation=\count294
\c@origpublisher=\count295
\c@savedorigpublisher=\count296
\c@publisher=\count297
\c@savedpublisher=\count298
\c@language=\count299
\c@savedlanguage=\count300
\c@origlanguage=\count301
\c@savedoriglanguage=\count302
\c@pageref=\count303
\c@savedpageref=\count304
\shorthandwidth=\skip52
\shortjournalwidth=\skip53
\shortserieswidth=\skip54
\shorttitlewidth=\skip55
\shortauthorwidth=\skip56
\shorteditorwidth=\skip57
\locallabelnumberwidth=\skip58
\locallabelalphawidth=\skip59
\localshorthandwidth=\skip60
\localshortjournalwidth=\skip61
\localshortserieswidth=\skip62
\localshorttitlewidth=\skip63
\localshortauthorwidth=\skip64
\localshorteditorwidth=\skip65
Package biblatex Info: Trying to load compatibility code...
Package biblatex Info: ... file 'blx-compat.def' found.

(/usr/local/texlive/2019/texmf-dist/tex/latex/biblatex/blx-compat.def
File: blx-compat.def 2019/08/31 v3.13a biblatex compatibility (PK/MW)
)
Package biblatex Info: Trying to load generic definitions...
Package biblatex Info: ... file 'biblatex.def' found.

(/usr/local/texlive/2019/texmf-dist/tex/latex/biblatex/biblatex.def
File: biblatex.def 2019/08/31 v3.13a biblatex compatibility (PK/MW)
\c@textcitecount=\count305
\c@textcitetotal=\count306
\c@textcitemaxnames=\count307
\c@biburlbigbreakpenalty=\count308
\c@biburlbreakpenalty=\count309
\c@biburlnumpenalty=\count310
\c@biburlucpenalty=\count311
\c@biburllcpenalty=\count312
\biburlbigskip=\muskip11
\biburlnumskip=\muskip12
\biburlucskip=\muskip13
\biburllcskip=\muskip14
\c@smartand=\count313
)
Package biblatex Info: Trying to load natbib compatibility...
Package biblatex Info: ... file 'blx-natbib.def' found.

(/usr/local/texlive/2019/texmf-dist/tex/latex/biblatex/blx-natbib.def
File: blx-natbib.def 2019/08/31 v3.13a biblatex compatibility (PK/MW)
Package biblatex Info: Delimiter 'nameyeardelim' in context '' already defined,
 overwriting.
)
Package biblatex Info: Trying to load bibliography style 'apa'...
Package biblatex Info: ... file 'apa.bbx' found.

(/usr/local/texlive/2019/texmf-dist/tex/latex/biblatex-apa/apa.bbx
File: apa.bbx 2019/09/07 v8.0 APA biblatex references style
Package biblatex Info: Trying to load bibliography style 'standard'...
Package biblatex Info: ... file 'standard.bbx' found.

(/usr/local/texlive/2019/texmf-dist/tex/latex/biblatex/bbx/standard.bbx
File: standard.bbx 2019/08/31 v3.13a biblatex bibliography style (PK/MW)
\c@bbx:relatedcount=\count314
\c@bbx:relatedtotal=\count315
))
Package biblatex Info: Trying to load citation style 'apa'...
Package biblatex Info: ... file 'apa.cbx' found.

(/usr/local/texlive/2019/texmf-dist/tex/latex/biblatex-apa/apa.cbx
File: apa.cbx 2019/09/07 v8.0 APA biblatex citation style
Package biblatex Info: Delimiter 'nameyeardelim' in context '' already defined,
 overwriting.
Package biblatex Info: Delimiter 'nameyeardelim' in context 'textcite' already 
defined, overwriting.
Package biblatex Info: Delimiter 'andothersdelim' in context '' already defined
, overwriting.
Package biblatex Info: Redefining '\parencite'.
Package biblatex Info: Redefining '\fullcite'.
Package biblatex Info: Redefining '\citeyear'.
Package biblatex Info: Redefining '\cite'.
Package biblatex Info: Redefining '\footcite'.
Package biblatex Info: Redefining '\textcites'.
Package biblatex Info: Redefining '\textcite'.
Package biblatex Info: Redefining '\citeauthor'.
)
Package biblatex Info: Trying to load configuration file...
Package biblatex Info: ... file 'biblatex.cfg' found.

(/usr/local/texlive/2019/texmf-dist/tex/latex/biblatex/biblatex.cfg
File: biblatex.cfg 
))
(/usr/local/texlive/2019/texmf-dist/tex/latex/mdframed/mdframed.sty
Package: mdframed 2013/07/01 1.9b: mdframed

(/usr/local/texlive/2019/texmf-dist/tex/latex/l3packages/xparse/xparse.sty
(/usr/local/texlive/2019/texmf-dist/tex/latex/l3kernel/expl3.sty
Package: expl3 2019-11-07 L3 programming layer (loader) 

(/usr/local/texlive/2019/texmf-dist/tex/latex/l3kernel/expl3-code.tex
Package: expl3 2019-11-07 L3 programming layer (code)
\c_max_int=\count316
\l_tmpa_int=\count317
\l_tmpb_int=\count318
\g_tmpa_int=\count319
\g_tmpb_int=\count320
\l__seq_internal_a_int=\count321
\l__seq_internal_b_int=\count322
\g__kernel_prg_map_int=\count323
\c__ior_term_noprompt_ior=\count324
\c_log_iow=\count325
\l_iow_line_count_int=\count326
\l__iow_line_target_int=\count327
\l__iow_one_indent_int=\count328
\l__iow_indent_int=\count329
\c_zero_dim=\dimen179
\c_max_dim=\dimen180
\l_tmpa_dim=\dimen181
\l_tmpb_dim=\dimen182
\g_tmpa_dim=\dimen183
\g_tmpb_dim=\dimen184
\c_zero_skip=\skip66
\c_max_skip=\skip67
\l_tmpa_skip=\skip68
\l_tmpb_skip=\skip69
\g_tmpa_skip=\skip70
\g_tmpb_skip=\skip71
\c_zero_muskip=\muskip15
\c_max_muskip=\muskip16
\l_tmpa_muskip=\muskip17
\l_tmpb_muskip=\muskip18
\g_tmpa_muskip=\muskip19
\g_tmpb_muskip=\muskip20
\l_keys_choice_int=\count330
\l__intarray_loop_int=\count331
\c__intarray_sp_dim=\dimen185
\g__intarray_font_int=\count332
\c__fp_leading_shift_int=\count333
\c__fp_middle_shift_int=\count334
\c__fp_trailing_shift_int=\count335
\c__fp_big_leading_shift_int=\count336
\c__fp_big_middle_shift_int=\count337
\c__fp_big_trailing_shift_int=\count338
\c__fp_Bigg_leading_shift_int=\count339
\c__fp_Bigg_middle_shift_int=\count340
\c__fp_Bigg_trailing_shift_int=\count341
\c__kernel_randint_max_int=\count342
\g__fp_array_int=\count343
\l__fp_array_loop_int=\count344
\l__sort_length_int=\count345
\l__sort_min_int=\count346
\l__sort_top_int=\count347
\l__sort_max_int=\count348
\l__sort_true_max_int=\count349
\l__sort_block_int=\count350
\l__sort_begin_int=\count351
\l__sort_end_int=\count352
\l__sort_A_int=\count353
\l__sort_B_int=\count354
\l__sort_C_int=\count355
\l__str_internal_int=\count356
\c__str_replacement_char_int=\count357
\l__tl_analysis_normal_int=\count358
\l__tl_analysis_index_int=\count359
\l__tl_analysis_nesting_int=\count360
\l__tl_analysis_type_int=\count361
\l__regex_internal_a_int=\count362
\l__regex_internal_b_int=\count363
\l__regex_internal_c_int=\count364
\l__regex_balance_int=\count365
\l__regex_group_level_int=\count366
\l__regex_mode_int=\count367
\c__regex_cs_in_class_mode_int=\count368
\c__regex_cs_mode_int=\count369
\l__regex_catcodes_int=\count370
\l__regex_default_catcodes_int=\count371
\c__regex_catcode_D_int=\count372
\c__regex_catcode_S_int=\count373
\c__regex_catcode_L_int=\count374
\c__regex_catcode_O_int=\count375
\c__regex_catcode_A_int=\count376
\c__regex_all_catcodes_int=\count377
\l__regex_show_lines_int=\count378
\l__regex_min_state_int=\count379
\l__regex_max_state_int=\count380
\l__regex_left_state_int=\count381
\l__regex_right_state_int=\count382
\l__regex_capturing_group_int=\count383
\l__regex_min_pos_int=\count384
\l__regex_max_pos_int=\count385
\l__regex_curr_pos_int=\count386
\l__regex_start_pos_int=\count387
\l__regex_success_pos_int=\count388
\l__regex_curr_char_int=\count389
\l__regex_curr_catcode_int=\count390
\l__regex_last_char_int=\count391
\l__regex_case_changed_char_int=\count392
\l__regex_curr_state_int=\count393
\l__regex_step_int=\count394
\l__regex_min_active_int=\count395
\l__regex_max_active_int=\count396
\l__regex_replacement_csnames_int=\count397
\l__regex_match_count_int=\count398
\l__regex_min_submatch_int=\count399
\l__regex_submatch_int=\count400
\l__regex_zeroth_submatch_int=\count401
\g__regex_trace_regex_int=\count402
\c_empty_box=\box41
\l_tmpa_box=\box42
\l_tmpb_box=\box43
\g_tmpa_box=\box44
\g_tmpb_box=\box45
\l__box_top_dim=\dimen186
\l__box_bottom_dim=\dimen187
\l__box_left_dim=\dimen188
\l__box_right_dim=\dimen189
\l__box_top_new_dim=\dimen190
\l__box_bottom_new_dim=\dimen191
\l__box_left_new_dim=\dimen192
\l__box_right_new_dim=\dimen193
\l__box_internal_box=\box46
\l__coffin_internal_box=\box47
\l__coffin_internal_dim=\dimen194
\l__coffin_offset_x_dim=\dimen195
\l__coffin_offset_y_dim=\dimen196
\l__coffin_x_dim=\dimen197
\l__coffin_y_dim=\dimen198
\l__coffin_x_prime_dim=\dimen199
\l__coffin_y_prime_dim=\dimen256
\c_empty_coffin=\box48
\l__coffin_aligned_coffin=\box49
\l__coffin_aligned_internal_coffin=\box50
\l_tmpa_coffin=\box51
\l_tmpb_coffin=\box52
\g_tmpa_coffin=\box53
\g_tmpb_coffin=\box54
\l__coffin_bounding_shift_dim=\dimen257
\l__coffin_left_corner_dim=\dimen258
\l__coffin_right_corner_dim=\dimen259
\l__coffin_bottom_corner_dim=\dimen260
\l__coffin_top_corner_dim=\dimen261
\l__coffin_scaled_total_height_dim=\dimen262
\l__coffin_scaled_width_dim=\dimen263
\c__coffin_empty_coffin=\box55
\l__coffin_display_coffin=\box56
\l__coffin_display_coord_coffin=\box57
\l__coffin_display_pole_coffin=\box58
\l__coffin_display_offset_dim=\dimen264
\l__coffin_display_x_dim=\dimen265
\l__coffin_display_y_dim=\dimen266
\g__char_data_ior=\read3

(/usr/local/texlive/2019/texmf-dist/tex/latex/l3kernel/l3deprecation.def
File: l3deprecation.def 2019-04-06 v L3 Deprecated functions
))
(/usr/local/texlive/2019/texmf-dist/tex/latex/l3backend/l3backend-pdfmode.def
File: l3backend-pdfmode.def 2019-04-06 L3 backend support: PDF mode
\l__kernel_color_stack_int=\count403
\l__pdf_internal_box=\box59
))
Package: xparse 2019-10-11 L3 Experimental document command parser
\l__xparse_current_arg_int=\count404
\g__xparse_grabber_int=\count405
\l__xparse_m_args_int=\count406
\l__xparse_v_nesting_int=\count407
) (/usr/local/texlive/2019/texmf-dist/tex/latex/oberdiek/zref-abspage.sty
Package: zref-abspage 2018/11/21 v2.27 Module abspage for zref (HO)

(/usr/local/texlive/2019/texmf-dist/tex/latex/oberdiek/zref-base.sty
Package: zref-base 2018/11/21 v2.27 Module base for zref (HO)

(/usr/local/texlive/2019/texmf-dist/tex/generic/oberdiek/kvdefinekeys.sty
Package: kvdefinekeys 2016/05/16 v1.4 Define keys (HO)
)
(/usr/local/texlive/2019/texmf-dist/tex/latex/oberdiek/auxhook.sty
Package: auxhook 2016/05/16 v1.4 Hooks for auxiliary files (HO)
)
Package zref Info: New property list: main on input line 762.
Package zref Info: New property: default on input line 763.
Package zref Info: New property: page on input line 764.
)
(/usr/local/texlive/2019/texmf-dist/tex/generic/oberdiek/atbegshi.sty
Package: atbegshi 2016/06/09 v1.18 At begin shipout hook (HO)
)
\c@abspage=\count408
Package zref Info: New property: abspage on input line 65.
)
(/usr/local/texlive/2019/texmf-dist/tex/latex/needspace/needspace.sty
Package: needspace 2010/09/12 v1.3d reserve vertical space
)
\mdf@templength=\skip72
\c@mdf@globalstyle@cnt=\count409
\mdf@skipabove@length=\skip73
\mdf@skipbelow@length=\skip74
\mdf@leftmargin@length=\skip75
\mdf@rightmargin@length=\skip76
\mdf@innerleftmargin@length=\skip77
\mdf@innerrightmargin@length=\skip78
\mdf@innertopmargin@length=\skip79
\mdf@innerbottommargin@length=\skip80
\mdf@splittopskip@length=\skip81
\mdf@splitbottomskip@length=\skip82
\mdf@outermargin@length=\skip83
\mdf@innermargin@length=\skip84
\mdf@linewidth@length=\skip85
\mdf@innerlinewidth@length=\skip86
\mdf@middlelinewidth@length=\skip87
\mdf@outerlinewidth@length=\skip88
\mdf@roundcorner@length=\skip89
\mdf@footenotedistance@length=\skip90
\mdf@userdefinedwidth@length=\skip91
\mdf@needspace@length=\skip92
\mdf@frametitleaboveskip@length=\skip93
\mdf@frametitlebelowskip@length=\skip94
\mdf@frametitlerulewidth@length=\skip95
\mdf@frametitleleftmargin@length=\skip96
\mdf@frametitlerightmargin@length=\skip97
\mdf@shadowsize@length=\skip98
\mdf@extratopheight@length=\skip99
\mdf@subtitleabovelinewidth@length=\skip100
\mdf@subtitlebelowlinewidth@length=\skip101
\mdf@subtitleaboveskip@length=\skip102
\mdf@subtitlebelowskip@length=\skip103
\mdf@subtitleinneraboveskip@length=\skip104
\mdf@subtitleinnerbelowskip@length=\skip105
\mdf@subsubtitleabovelinewidth@length=\skip106
\mdf@subsubtitlebelowlinewidth@length=\skip107
\mdf@subsubtitleaboveskip@length=\skip108
\mdf@subsubtitlebelowskip@length=\skip109
\mdf@subsubtitleinneraboveskip@length=\skip110
\mdf@subsubtitleinnerbelowskip@length=\skip111

(/usr/local/texlive/2019/texmf-dist/tex/latex/mdframed/md-frame-0.mdf
File: md-frame-0.mdf 2013/07/01\ 1.9b: md-frame-0
)
\mdf@frametitlebox=\box60
\mdf@footnotebox=\box61
\mdf@splitbox@one=\box62
\mdf@splitbox@two=\box63
\mdf@splitbox@save=\box64
\mdfsplitboxwidth=\skip112
\mdfsplitboxtotalwidth=\skip113
\mdfsplitboxheight=\skip114
\mdfsplitboxdepth=\skip115
\mdfsplitboxtotalheight=\skip116
\mdfframetitleboxwidth=\skip117
\mdfframetitleboxtotalwidth=\skip118
\mdfframetitleboxheight=\skip119
\mdfframetitleboxdepth=\skip120
\mdfframetitleboxtotalheight=\skip121
\mdffootnoteboxwidth=\skip122
\mdffootnoteboxtotalwidth=\skip123
\mdffootnoteboxheight=\skip124
\mdffootnoteboxdepth=\skip125
\mdffootnoteboxtotalheight=\skip126
\mdftotallinewidth=\skip127
\mdfboundingboxwidth=\skip128
\mdfboundingboxtotalwidth=\skip129
\mdfboundingboxheight=\skip130
\mdfboundingboxdepth=\skip131
\mdfboundingboxtotalheight=\skip132
\mdf@freevspace@length=\skip133
\mdf@horizontalwidthofbox@length=\skip134
\mdf@verticalmarginwhole@length=\skip135
\mdf@horizontalspaceofbox=\skip136
\mdfsubtitleheight=\skip137
\mdfsubsubtitleheight=\skip138
\c@mdfcountframes=\count410

****** mdframed patching \endmdf@trivlist

****** -- success******

\mdf@envdepth=\count411
\c@mdf@env@i=\count412
\c@mdf@env@ii=\count413
\c@mdf@zref@counter=\count414
Package zref Info: New property: mdf@pagevalue on input line 895.
)
(/usr/local/texlive/2019/texmf-dist/tex/latex/tools/xspace.sty
Package: xspace 2014/10/28 v1.13 Space after command names (DPC,MH)
)
(/usr/local/texlive/2019/texmf-dist/tex/latex/hyperref/hyperref.sty
Package: hyperref 2019/11/10 v7.00c Hypertext links for LaTeX

(/usr/local/texlive/2019/texmf-dist/tex/generic/oberdiek/pdfescape.sty
Package: pdfescape 2016/05/16 v1.14 Implements pdfTeX's escape features (HO)
)
(/usr/local/texlive/2019/texmf-dist/tex/latex/oberdiek/hycolor.sty
Package: hycolor 2016/05/16 v1.8 Color options for hyperref/bookmark (HO)

(/usr/local/texlive/2019/texmf-dist/tex/latex/oberdiek/xcolor-patch.sty
Package: xcolor-patch 2016/05/16 xcolor patch

(/usr/local/texlive/2019/texmf-dist/tex/latex/oberdiek/hopatch.sty
Package: hopatch 2016/05/16 v1.3 Wrapper for package hooks (HO)
)))
(/usr/local/texlive/2019/texmf-dist/tex/latex/oberdiek/letltxmacro.sty
Package: letltxmacro 2016/05/16 v1.5 Let assignment for LaTeX macros (HO)
)
\@linkdim=\dimen267
\Hy@linkcounter=\count415
\Hy@pagecounter=\count416

(/usr/local/texlive/2019/texmf-dist/tex/latex/hyperref/pd1enc.def
File: pd1enc.def 2019/11/10 v7.00c Hyperref: PDFDocEncoding definition (HO)
Now handling font encoding PD1 ...
... no UTF-8 mapping file for font encoding PD1
)
(/usr/local/texlive/2019/texmf-dist/tex/generic/oberdiek/intcalc.sty
Package: intcalc 2016/05/16 v1.2 Expandable calculations with integers (HO)
)
\Hy@SavedSpaceFactor=\count417

(/usr/local/texlive/2019/texmf-dist/tex/latex/latexconfig/hyperref.cfg
File: hyperref.cfg 2002/06/06 v1.2 hyperref configuration of TeXLive
)
Package hyperref Info: Hyper figures OFF on input line 4535.
Package hyperref Info: Link nesting OFF on input line 4540.
Package hyperref Info: Hyper index ON on input line 4543.
Package hyperref Info: Plain pages OFF on input line 4550.
Package hyperref Info: Backreferencing OFF on input line 4555.
Package hyperref Info: Implicit mode ON; LaTeX internals redefined.
Package hyperref Info: Bookmarks ON on input line 4788.
\c@Hy@tempcnt=\count418
LaTeX Info: Redefining \url on input line 5147.
\XeTeXLinkMargin=\dimen268

(/usr/local/texlive/2019/texmf-dist/tex/generic/oberdiek/bitset.sty
Package: bitset 2016/05/16 v1.2 Handle bit-vector datatype (HO)

(/usr/local/texlive/2019/texmf-dist/tex/generic/oberdiek/bigintcalc.sty
Package: bigintcalc 2016/05/16 v1.4 Expandable calculations on big integers (HO
)
))
\Fld@menulength=\count419
\Field@Width=\dimen269
\Fld@charsize=\dimen270
Package hyperref Info: Hyper figures OFF on input line 6418.
Package hyperref Info: Link nesting OFF on input line 6423.
Package hyperref Info: Hyper index ON on input line 6426.
Package hyperref Info: backreferencing OFF on input line 6433.
Package hyperref Info: Link coloring OFF on input line 6438.
Package hyperref Info: Link coloring with OCG OFF on input line 6443.
Package hyperref Info: PDF/A mode OFF on input line 6448.
LaTeX Info: Redefining \ref on input line 6488.
LaTeX Info: Redefining \pageref on input line 6492.
\Hy@abspage=\count420
\c@Item=\count421
\c@Hfootnote=\count422
)
Package hyperref Info: Driver (autodetected): hpdftex.

(/usr/local/texlive/2019/texmf-dist/tex/latex/hyperref/hpdftex.def
File: hpdftex.def 2019/11/10 v7.00c Hyperref driver for pdfTeX

(/usr/local/texlive/2019/texmf-dist/tex/latex/oberdiek/atveryend.sty
Package: atveryend 2016/05/16 v1.9 Hooks at the very end of document (HO)
)
\HyAnn@Count=\count423
\Fld@listcount=\count424
\c@bookmark@seq@number=\count425

(/usr/local/texlive/2019/texmf-dist/tex/latex/oberdiek/rerunfilecheck.sty
Package: rerunfilecheck 2016/05/16 v1.8 Rerun checks for auxiliary files (HO)

(/usr/local/texlive/2019/texmf-dist/tex/generic/oberdiek/uniquecounter.sty
Package: uniquecounter 2016/05/16 v1.3 Provide unlimited unique counter (HO)
)
Package uniquecounter Info: New unique counter `rerunfilecheck' on input line 2
85.
)
\Hy@SectionHShift=\skip139
)
(/usr/local/texlive/2019/texmf-dist/tex/latex/cleveref/cleveref.sty
Package: cleveref 2018/03/27 v0.21.4 Intelligent cross-referencing
Package cleveref Info: `hyperref' support loaded on input line 2370.
LaTeX Info: Redefining \cref on input line 2370.
LaTeX Info: Redefining \Cref on input line 2370.
LaTeX Info: Redefining \crefrange on input line 2370.
LaTeX Info: Redefining \Crefrange on input line 2370.
LaTeX Info: Redefining \cpageref on input line 2370.
LaTeX Info: Redefining \Cpageref on input line 2370.
LaTeX Info: Redefining \cpagerefrange on input line 2370.
LaTeX Info: Redefining \Cpagerefrange on input line 2370.
LaTeX Info: Redefining \labelcref on input line 2370.
LaTeX Info: Redefining \labelcpageref on input line 2370.
Package cleveref Info: always capitalise cross-reference names on input line 78
30.
Package cleveref Info: always capitalise cross-reference names on input line 78
52.
Package cleveref Info: no abbreviation of names on input line 7852.
)
(/usr/local/texlive/2019/texmf-dist/tex/latex/minitoc/minitoc.sty
Package: minitoc 2018/07/12 v62 Package minitoc

(/usr/local/texlive/2019/texmf-dist/tex/latex/minitoc/mtcmess.sty
Package: mtcmess 2006/03/14
)
Package minitoc Info: I0001
(minitoc)             *** minitoc package, version 62 ***.
\tf@mtc=\write5
\mtcindent=\skip140
\mtcskipamount=\skip141
Package minitoc Info: I0005
(minitoc)             compatible with hyperref.
Package minitoc Info: I0023
(minitoc)             part level macros available.
Package minitoc Info: I0004
(minitoc)             chapter level macros NOT available.
Package minitoc Info: I0028
(minitoc)             section level macros available.
\mtc@toks=\toks29
\mtc@strutbox=\box65
\mtc@hstrutbox=\box66
Package minitoc Info: I0002
(minitoc)             Autoconfiguration of extensions.
\openout5 = `egoDepletion.mtc0'.

\openout5 = `egoDepletion.mtc'.


(./egoDepletion.mtc0)
Package minitoc Info: I0012
(minitoc)             Long extensions (Unix-like) will be used.
Package minitoc Info: I0031
(minitoc)             ==> this version is configured for UNIX-like 
(minitoc)                 (long extensions) file names.
\openout5 = `egoDepletion.mtc'.

\openout5 = `egoDepletion.mtc0'.

\c@ptc=\count426
\c@parttocdepth=\count427
\ptcindent=\skip142
\c@stc=\count428
\c@secttocdepth=\count429
\stcindent=\skip143
Package minitoc Info: I0010
(minitoc)             The english language is selected.
(minitoc)              on input line 4910.

(/usr/local/texlive/2019/texmf-dist/tex/latex/minitoc/english.mld
File: english.mld 2006/01/13
)
(/usr/local/texlive/2019/texmf-dist/tex/latex/minitoc/english.mld
File: english.mld 2006/01/13
))
Package hyperref Info: Option `colorlinks' set `true' on input line 82.

(/usr/local/texlive/2019/texmf-dist/tex/latex/upquote/upquote.sty
Package: upquote 2012/04/19 v1.3 upright-quote and grave-accent glyphs in verba
tim
)
Package biblatex Info: Trying to load language 'english' -> 'english-apa'...
Package biblatex Info: ... file 'english-apa.lbx' found.

(/usr/local/texlive/2019/texmf-dist/tex/latex/biblatex-apa/english-apa.lbx
File: english-apa.lbx 2019/09/07 v8.0 APA biblatex localisation
Package biblatex Info: Trying to load language 'english'...
Package biblatex Info: ... file 'english.lbx' found.

(/usr/local/texlive/2019/texmf-dist/tex/latex/biblatex/lbx/english.lbx
File: english.lbx 2019/08/31 v3.13a biblatex localization (PK/MW)
)
Package biblatex Info: Trying to load language 'american' -> 'american-apa'...
Package biblatex Info: ... file 'american-apa.lbx' found.

(/usr/local/texlive/2019/texmf-dist/tex/latex/biblatex-apa/american-apa.lbx
File: american-apa.lbx 2019/09/07 v8.0 APA biblatex localisation
Package biblatex Info: Trying to load language 'american'...
Package biblatex Info: ... file 'american.lbx' found.

(/usr/local/texlive/2019/texmf-dist/tex/latex/biblatex/lbx/american.lbx
File: american.lbx 2019/08/31 v3.13a biblatex localization (PK/MW)
Package biblatex Info: Trying to load language 'english'...
Package biblatex Info: ... file 'english.lbx' found.

(/usr/local/texlive/2019/texmf-dist/tex/latex/biblatex/lbx/english.lbx
File: english.lbx 2019/08/31 v3.13a biblatex localization (PK/MW)
))))
\@quotelevel=\count430
\@quotereset=\count431

(./egoDepletion.aux

LaTeX Warning: Label `fig:eTaskmTaskSub' multiply defined.


LaTeX Warning: Label `fig:eTaskmTaskSub@cref' multiply defined.


LaTeX Warning: Label `fig:eTaskmTaskSub' multiply defined.


LaTeX Warning: Label `fig:eTaskmTaskSub@cref' multiply defined.

)
\openout1 = `egoDepletion.aux'.

LaTeX Font Info:    Checking defaults for OML/cmm/m/it on input line 87.
LaTeX Font Info:    ... okay on input line 87.
LaTeX Font Info:    Checking defaults for T1/cmr/m/n on input line 87.
LaTeX Font Info:    ... okay on input line 87.
LaTeX Font Info:    Checking defaults for OT1/cmr/m/n on input line 87.
LaTeX Font Info:    ... okay on input line 87.
LaTeX Font Info:    Checking defaults for OMS/cmsy/m/n on input line 87.
LaTeX Font Info:    ... okay on input line 87.
LaTeX Font Info:    Checking defaults for OMX/cmex/m/n on input line 87.
LaTeX Font Info:    ... okay on input line 87.
LaTeX Font Info:    Checking defaults for U/cmr/m/n on input line 87.
LaTeX Font Info:    ... okay on input line 87.
LaTeX Font Info:    Checking defaults for PD1/pdf/m/n on input line 87.
LaTeX Font Info:    ... okay on input line 87.
 (/usr/local/texlive/2019/texmf-dist/tex/context/base/mkii/supp-pdf.mkii
[Loading MPS to PDF converter (version 2006.09.02).]
\scratchcounter=\count432
\scratchdimen=\dimen271
\scratchbox=\box67
\nofMPsegments=\count433
\nofMParguments=\count434
\everyMPshowfont=\toks30
\MPscratchCnt=\count435
\MPscratchDim=\dimen272
\MPnumerator=\count436
\makeMPintoPDFobject=\count437
\everyMPtoPDFconversion=\toks31
) (/usr/local/texlive/2019/texmf-dist/tex/latex/oberdiek/epstopdf-base.sty
Package: epstopdf-base 2016/05/15 v2.6 Base part for package epstopdf

(/usr/local/texlive/2019/texmf-dist/tex/latex/oberdiek/grfext.sty
Package: grfext 2016/05/16 v1.2 Manage graphics extensions (HO)
)
Package epstopdf-base Info: Redefining graphics rule for `.eps' on input line 4
41.
Package grfext Info: Graphics extension search list:
(grfext)             [.pdf,.png,.jpg,.mps,.jpeg,.jbig2,.jb2,.PDF,.PNG,.JPG,.JPE
G,.JBIG2,.JB2,.eps]
(grfext)             \AppendGraphicsExtensions on input line 459.

(/usr/local/texlive/2019/texmf-dist/tex/latex/latexconfig/epstopdf-sys.cfg
File: epstopdf-sys.cfg 2010/07/13 v1.3 Configuration of (r)epstopdf for TeX Liv
e
))
ABD: EveryShipout initializing macros
Package biblatex Info: Input encoding 'utf8' detected.
Package biblatex Info: Automatic encoding selection.
(biblatex)             Assuming data encoding 'utf8'.
\openout4 = `egoDepletion.bcf'.

Package biblatex Info: Trying to load bibliographic data...
Package biblatex Info: ... file 'egoDepletion.bbl' found.
 (./egoDepletion.bbl)
Package biblatex Info: Reference section=0 on input line 87.
Package biblatex Info: Reference segment=0 on input line 87.
\AtBeginShipoutBox=\box68
Package hyperref Info: Link coloring ON on input line 87.

(/usr/local/texlive/2019/texmf-dist/tex/latex/hyperref/nameref.sty
Package: nameref 2019/09/16 v2.46 Cross-referencing by name of section

(/usr/local/texlive/2019/texmf-dist/tex/latex/oberdiek/refcount.sty
Package: refcount 2016/05/16 v3.5 Data extraction from label references (HO)
)
(/usr/local/texlive/2019/texmf-dist/tex/generic/oberdiek/gettitlestring.sty
Package: gettitlestring 2016/05/16 v1.5 Cleanup title references (HO)
)
\c@section@level=\count438
)
LaTeX Info: Redefining \ref on input line 87.
LaTeX Info: Redefining \pageref on input line 87.
LaTeX Info: Redefining \nameref on input line 87.

(./egoDepletion.out) (./egoDepletion.out)
\@outlinefile=\write6
\openout6 = `egoDepletion.out'.

Package minitoc(hints) Info: I0049
(minitoc(hints))             ==> You requested the hints option. 
(minitoc(hints))             Some hints are eventually given below.


Package minitoc(hints) Warning: W0030
(minitoc(hints))                --- The \part command is altered 
(minitoc(hints))                after minitoc.


Package minitoc(hints) Warning: W0023
(minitoc(hints))                --- It may be the consequence 
(minitoc(hints))                of loading the ``hyperref'' package.


Package minitoc(hints) Warning: W0039
(minitoc(hints))                --- The \section command is altered 
(minitoc(hints))                after minitoc.


Package minitoc(hints) Warning: W0023
(minitoc(hints))                --- It may be the consequence 
(minitoc(hints))                of loading the ``hyperref'' package.

LaTeX Font Info:    External font `cmex10' loaded for size
(Font)              <12> on input line 90.
LaTeX Font Info:    External font `cmex10' loaded for size
(Font)              <8> on input line 90.
LaTeX Font Info:    External font `cmex10' loaded for size
(Font)              <6> on input line 90.
Package minitoc Info: I0026
(minitoc)             PREPARING SECTTOCS FROM egoDepletion.toc on input line 92
.
Package minitoc Info: I0033
(minitoc)             Writing egoDepletion.stc1 on input line 92.
\openout5 = `egoDepletion.stc1'.

Package minitoc Info: I0033
(minitoc)             Writing egoDepletion.stc2 on input line 92.
\openout5 = `egoDepletion.stc2'.

Package minitoc Info: I0033
(minitoc)             Writing egoDepletion.stc3 on input line 92.
\openout5 = `egoDepletion.stc3'.

(./egoDepletion.toc
LaTeX Font Info:    External font `cmex10' loaded for size
(Font)              <7> on input line 7.
LaTeX Font Info:    External font `cmex10' loaded for size
(Font)              <5> on input line 7.
)
\tf@toc=\write7
\openout7 = `egoDepletion.toc'.

 [1

{/usr/local/texlive/2019/texmf-var/fonts/map/pdftex/updmap/pdftex.map}] [2] [3]
\openout5 = `egoDepletion.mtc'.

\openout5 = `egoDepletion.mtc'.

LaTeX Font Info:    External font `cmex10' loaded for size
(Font)              <9> on input line 125.
 (./egoDepletion.stc2
LaTeX Font Info:    Font shape `OT1/cmtt/bx/n' in size <9> not available
(Font)              Font shape `OT1/cmtt/m/n' tried instead on input line 1.
)
LaTeX Font Info:    Font shape `OT1/cmtt/bx/n' in size <12> not available
(Font)              Font shape `OT1/cmtt/m/n' tried instead on input line 126.


Package xcolor Warning: Incompatible color definition on input line 131.

LaTeX Font Info:    Font shape `OT1/cmtt/bx/n' in size <8> not available
(Font)              Font shape `OT1/cmtt/m/n' tried instead on input line 133.
LaTeX Font Info:    Trying to load font information for OMS+cmtt on input line 
133.
LaTeX Font Info:    No file OMScmtt.fd. on input line 133.

LaTeX Font Warning: Font shape `OMS/cmtt/m/n' undefined
(Font)              using `OMS/cmsy/m/n' instead
(Font)              for symbol `textbraceleft' on input line 133.


Package xcolor Warning: Incompatible color definition on input line 146.

[4]

Package xcolor Warning: Incompatible color definition on input line 202.

[5]

Package xcolor Warning: Incompatible color definition on input line 279.

[6]

Package xcolor Warning: Incompatible color definition on input line 339.

[7]

Package xcolor Warning: Incompatible color definition on input line 381.


Overfull \hbox (7.75507pt too wide) in paragraph at lines 383--383
[][]\OT1/cmtt/m/n/8 subs[] []<-[] []read_csv[][]([][]file[] []=[] []"~/Dropbox/
StatsBook/Book5/EgoDepletion/SubjectStatus.csv"[][])[][] 
 []


Package xcolor Warning: Incompatible color definition on input line 407.

[8] [9]
\openout5 = `egoDepletion.mtc'.

\openout5 = `egoDepletion.mtc'.

 (./egoDepletion.stc3)

Package xcolor Warning: Incompatible color definition on input line 478.


Package xcolor Warning: Incompatible color definition on input line 490.


Package xcolor Warning: Incompatible color definition on input line 515.

[10]

Package xcolor Warning: Incompatible color definition on input line 525.

<figure/graphics-lm_eTaskHit_boxcox_show-1.pdf, id=176, 216.81pt x 216.81pt>
File: figure/graphics-lm_eTaskHit_boxcox_show-1.pdf Graphic file (type pdf)
<use figure/graphics-lm_eTaskHit_boxcox_show-1.pdf>
Package pdftex.def Info: figure/graphics-lm_eTaskHit_boxcox_show-1.pdf  used on
 input line 527.
(pdftex.def)             Requested size: 172.5pt x 172.50868pt.

Package xcolor Warning: Incompatible color definition on input line 540.


Package xcolor Warning: Incompatible color definition on input line 552.


Package xcolor Warning: Incompatible color definition on input line 579.

[11 <./figure/graphics-lm_eTaskHit_boxcox_show-1.pdf>]

Package xcolor Warning: Incompatible color definition on input line 615.


Package xcolor Warning: Incompatible color definition on input line 646.

[12]
LaTeX Font Info:    Font shape `OT1/cmtt/bx/n' in size <10> not available
(Font)              Font shape `OT1/cmtt/m/n' tried instead on input line 684.


Package xcolor Warning: Incompatible color definition on input line 689.


Package xcolor Warning: Incompatible color definition on input line 706.

<figure/graphics-gg_subjectRating-show-1.pdf, id=189, 216.81pt x 216.81pt>
File: figure/graphics-gg_subjectRating-show-1.pdf Graphic file (type pdf)
<use figure/graphics-gg_subjectRating-show-1.pdf>
Package pdftex.def Info: figure/graphics-gg_subjectRating-show-1.pdf  used on i
nput line 708.
(pdftex.def)             Requested size: 172.5pt x 172.50868pt.

Package xcolor Warning: Incompatible color definition on input line 721.

[13]

Package xcolor Warning: Incompatible color definition on input line 741.

<figure/graphics-gg_subjectProp-show-1.pdf, id=198, 216.81pt x 216.81pt>
File: figure/graphics-gg_subjectProp-show-1.pdf Graphic file (type pdf)
<use figure/graphics-gg_subjectProp-show-1.pdf>
Package pdftex.def Info: figure/graphics-gg_subjectProp-show-1.pdf  used on inp
ut line 743.
(pdftex.def)             Requested size: 172.5pt x 172.50868pt.

Package xcolor Warning: Incompatible color definition on input line 756.


Package xcolor Warning: Incompatible color definition on input line 778.

<figure/graphics-gg_subjectRT-show-1.pdf, id=200, 216.81pt x 216.81pt>
File: figure/graphics-gg_subjectRT-show-1.pdf Graphic file (type pdf)
<use figure/graphics-gg_subjectRT-show-1.pdf>
Package pdftex.def Info: figure/graphics-gg_subjectRT-show-1.pdf  used on input
 line 780.
(pdftex.def)             Requested size: 172.5pt x 172.50868pt.

Package xcolor Warning: Incompatible color definition on input line 797.


Package xcolor Warning: Incompatible color definition on input line 805.

[14 <./figure/graphics-gg_subjectRating-show-1.pdf>] [15 <./figure/graphics-gg_
subjectProp-show-1.pdf> <./figure/graphics-gg_subjectRT-show-1.pdf>]

Package xcolor Warning: Incompatible color definition on input line 821.


Package xcolor Warning: Incompatible color definition on input line 830.

<figure/graphics-lm_mTask_boxcox_show-1.pdf, id=220, 216.81pt x 216.81pt>
File: figure/graphics-lm_mTask_boxcox_show-1.pdf Graphic file (type pdf)
<use figure/graphics-lm_mTask_boxcox_show-1.pdf>
Package pdftex.def Info: figure/graphics-lm_mTask_boxcox_show-1.pdf  used on in
put line 832.
(pdftex.def)             Requested size: 172.5pt x 172.50868pt.

Package xcolor Warning: Incompatible color definition on input line 845.


Overfull \hbox (0.21744pt too wide) in paragraph at lines 874--875
 \OT1/cmr/bx/n/10 Mea-sures of ac-cu-racy[] \OT1/cmr/m/n/10 Mea-sures of as-so-
ci-a-tion for or-di-nal fac-tors ([]\OT1/cmtt/m/n/10 stimulus[]\OT1/cmr/m/n/10 
,
 []


Package xcolor Warning: Incompatible color definition on input line 877.

[16 <./figure/graphics-lm_mTask_boxcox_show-1.pdf>]

Package xcolor Warning: Incompatible color definition on input line 918.


Package xcolor Warning: Incompatible color definition on input line 945.

[17]

Package xcolor Warning: Incompatible color definition on input line 974.


Package xcolor Warning: Incompatible color definition on input line 992.

<figure/graphics-gg_mTaskCramerS-show-1.pdf, id=234, 216.81pt x 216.81pt>
File: figure/graphics-gg_mTaskCramerS-show-1.pdf Graphic file (type pdf)
<use figure/graphics-gg_mTaskCramerS-show-1.pdf>
Package pdftex.def Info: figure/graphics-gg_mTaskCramerS-show-1.pdf  used on in
put line 994.
(pdftex.def)             Requested size: 172.5pt x 172.50868pt.

Package xcolor Warning: Incompatible color definition on input line 1009.


Package xcolor Warning: Incompatible color definition on input line 1080.


Overfull \hbox (64.87585pt too wide) in paragraph at lines 1080--1080
[]\OT1/cmtt/m/n/8 Warning: Factor `taskDifficulty` contains implicit NA, consid
er using `forcats::fct[]explicit[]na`[] 
 []

[18] [19 <./figure/graphics-gg_mTaskCramerS-show-1.pdf>]

Package xcolor Warning: Incompatible color definition on input line 1117.


Package xcolor Warning: Incompatible color definition on input line 1131.

<figure/graphics-gg_eTaskmTaskSub-show-1.pdf, id=248, 325.215pt x 216.81pt>
File: figure/graphics-gg_eTaskmTaskSub-show-1.pdf Graphic file (type pdf)
<use figure/graphics-gg_eTaskmTaskSub-show-1.pdf>
Package pdftex.def Info: figure/graphics-gg_eTaskmTaskSub-show-1.pdf  used on i
nput line 1133.
(pdftex.def)             Requested size: 258.75pt x 172.512pt.

Package xcolor Warning: Incompatible color definition on input line 1144.


Package xcolor Warning: Incompatible color definition on input line 1158.

<figure/graphics-gg_eTaskRatingmTaskCong-show-1.pdf, id=249, 325.215pt x 216.81
pt>
File: figure/graphics-gg_eTaskRatingmTaskCong-show-1.pdf Graphic file (type pdf
)
<use figure/graphics-gg_eTaskRatingmTaskCong-show-1.pdf>
Package pdftex.def Info: figure/graphics-gg_eTaskRatingmTaskCong-show-1.pdf  us
ed on input line 1160.
(pdftex.def)             Requested size: 258.75pt x 172.512pt.

Package xcolor Warning: Incompatible color definition on input line 1171.


Package xcolor Warning: Incompatible color definition on input line 1178.


Overfull \hbox (20.50525pt too wide) in paragraph at lines 1178--1178
[]\OT1/cmtt/m/n/8 Warning: Column `sigDet` joining factors with different level
s, coercing to character
 []

[20] [21 <./figure/graphics-gg_eTaskmTaskSub-show-1.pdf> <./figure/graphics-gg_
eTaskRatingmTaskCong-show-1.pdf>]

Package xcolor Warning: Incompatible color definition on input line 1223.


Package xcolor Warning: Incompatible color definition on input line 1237.

<figure/graphics-gg_all-show-1.pdf, id=271, 325.215pt x 216.81pt>
File: figure/graphics-gg_all-show-1.pdf Graphic file (type pdf)
<use figure/graphics-gg_all-show-1.pdf>
Package pdftex.def Info: figure/graphics-gg_all-show-1.pdf  used on input line 
1239.
(pdftex.def)             Requested size: 258.75pt x 172.512pt.

Package xcolor Warning: Incompatible color definition on input line 1253.


Package xcolor Warning: Incompatible color definition on input line 1265.

[22]

Package xcolor Warning: Incompatible color definition on input line 1275.


Overfull \hbox (16.25519pt too wide) in paragraph at lines 1275--1275
[]\OT1/cmtt/m/n/8 Warning in checkConv(attr(opt, "derivs"), opt$par, ctrl = con
trol$checkConv, : Model
 []


Package xcolor Warning: Incompatible color definition on input line 1297.

[23 <./figure/graphics-gg_all-show-1.pdf>]

Package xcolor Warning: Incompatible color definition on input line 1343.


Package xcolor Warning: Incompatible color definition on input line 1359.

<figure/graphics-lme_mTask_log_2_plot_show-1.pdf, id=285, 361.35pt x 361.35pt>
File: figure/graphics-lme_mTask_log_2_plot_show-1.pdf Graphic file (type pdf)
<use figure/graphics-lme_mTask_log_2_plot_show-1.pdf>
Package pdftex.def Info: figure/graphics-lme_mTask_log_2_plot_show-1.pdf  used 
on input line 1361.
(pdftex.def)             Requested size: 345.0pt x 345.00084pt.
[24] [25 <./figure/graphics-lme_mTask_log_2_plot_show-1.pdf>]

Package xcolor Warning: Incompatible color definition on input line 1374.


Overfull \hbox (7.75507pt too wide) in paragraph at lines 1468--1468
[]\OT1/cmtt/m/n/8 BLAS:   /Library/Frameworks/R.framework/Versions/3.6/Resource
s/lib/libRblas.0.dylib[] 
 []


Overfull \hbox (7.75507pt too wide) in paragraph at lines 1468--1468
[]\OT1/cmtt/m/n/8 LAPACK: /Library/Frameworks/R.framework/Versions/3.6/Resource
s/lib/libRlapack.dylib[] 
 []

[26]
Package minitoc Info: I0009
(minitoc)             Listing minitoc auxiliary files. 
(minitoc)             Creating the egoDepletion.maf file.
\openout5 = `egoDepletion.maf'.

Package minitoc(hints) Info: I0053
(minitoc(hints))             You have loaded the float package; 
(minitoc(hints))             please be aware that the minitoc package 
(minitoc(hints))             facilities can not be used for new types 
(minitoc(hints))             of floats defined by the float package.


Package minitoc(hints) Warning: W0024
(minitoc(hints))                Some hints have been written 
(minitoc(hints))                in the egoDepletion.log file.

[27]
Package atveryend Info: Empty hook `BeforeClearDocument' on input line 1480.
Package atveryend Info: Empty hook `AfterLastShipout' on input line 1480.
 (./egoDepletion.aux)
Package atveryend Info: Executing hook `AtVeryEndDocument' on input line 1480.
Package atveryend Info: Executing hook `AtEndAfterFileList' on input line 1480.

Package rerunfilecheck Info: File `egoDepletion.out' has not changed.
(rerunfilecheck)             Checksum: 9E44A8437CAF5229AC5199AF0DF8F030;1329.


LaTeX Font Warning: Some font shapes were not available, defaults substituted.


LaTeX Warning: There were multiply-defined labels.

Package logreq Info: Writing requests to 'egoDepletion.run.xml'.
\openout1 = `egoDepletion.run.xml'.

 ) 
Here is how much of TeX's memory you used:
 37676 strings out of 492164
 736531 string characters out of 6125317
 1209548 words of memory out of 5000000
 41300 multiletter control sequences out of 15000+600000
 539527 words of font info for 50 fonts, out of 8000000 for 9000
 1141 hyphenation exceptions out of 8191
 60i,10n,71p,1010b,3860s stack positions out of 5000i,500n,10000p,200000b,80000s
</usr/local/texlive/2019/texmf-dist/fonts/type1/public/amsfonts/cm/cmbx10.pfb
></usr/local/texlive/2019/texmf-dist/fonts/type1/public/amsfonts/cm/cmbx12.pfb>
</usr/local/texlive/2019/texmf-dist/fonts/type1/public/amsfonts/cm/cmbx9.pfb></
usr/local/texlive/2019/texmf-dist/fonts/type1/public/amsfonts/cm/cmbxti10.pfb><
/usr/local/texlive/2019/texmf-dist/fonts/type1/public/amsfonts/cm/cmitt10.pfb><
/usr/local/texlive/2019/texmf-dist/fonts/type1/public/amsfonts/cm/cmmi10.pfb></
usr/local/texlive/2019/texmf-dist/fonts/type1/public/amsfonts/cm/cmr10.pfb></us
r/local/texlive/2019/texmf-dist/fonts/type1/public/amsfonts/cm/cmr12.pfb></usr/
local/texlive/2019/texmf-dist/fonts/type1/public/amsfonts/cm/cmr17.pfb></usr/lo
cal/texlive/2019/texmf-dist/fonts/type1/public/amsfonts/cm/cmsy10.pfb></usr/loc
al/texlive/2019/texmf-dist/fonts/type1/public/amsfonts/cm/cmsy8.pfb></usr/local
/texlive/2019/texmf-dist/fonts/type1/public/amsfonts/cm/cmti10.pfb></usr/local/
texlive/2019/texmf-dist/fonts/type1/public/amsfonts/cm/cmtt10.pfb></usr/local/t
exlive/2019/texmf-dist/fonts/type1/public/amsfonts/cm/cmtt12.pfb></usr/local/te
xlive/2019/texmf-dist/fonts/type1/public/amsfonts/cm/cmtt8.pfb></usr/local/texl
ive/2019/texmf-dist/fonts/type1/public/amsfonts/cm/cmtt9.pfb>
Output written on egoDepletion.pdf (27 pages, 309365 bytes).
PDF statistics:
 376 PDF objects out of 1000 (max. 8388607)
 317 compressed objects within 4 object streams
 60 named destinations out of 1000 (max. 500000)
 223 words of extra memory for PDF output out of 10000 (max. 10000000)

